<?xml version="1.0" encoding="UTF-8"?>
<testng-results skipped="0" failed="1" ignored="0" total="6" passed="5">
  <reporter-output>
  </reporter-output>
  <suite name="InetBanking" duration-ms="135113" started-at="2021-06-09T05:08:13Z" finished-at="2021-06-09T05:10:28Z">
    <groups>
    </groups>
    <test name="BankingApplication" duration-ms="135113" started-at="2021-06-09T05:08:13Z" finished-at="2021-06-09T05:10:28Z">
      <class name="com.inetbanking.testCases.TC_LoginDDT_002">
        <test-method status="PASS" signature="setup(java.lang.String)[pri:0, instance:com.inetbanking.testCases.TC_LoginDDT_002@bbfa04]" name="setup" is-config="true" duration-ms="13857" started-at="2021-06-09T05:08:30Z" finished-at="2021-06-09T05:08:44Z">
          <params>
            <param index="0">
              <value>
                <![CDATA[edge]]>
              </value>
            </param>
          </params>
          <reporter-output>
          </reporter-output>
        </test-method> <!-- setup -->
        <test-method status="PASS" signature="loginDDT(java.lang.String, java.lang.String)[pri:0, instance:com.inetbanking.testCases.TC_LoginDDT_002@bbfa04]" name="loginDDT" duration-ms="23234" started-at="2021-06-09T05:08:46Z" data-provider="LoginData" finished-at="2021-06-09T05:09:09Z">
          <params>
            <param index="0">
              <value>
                <![CDATA[mngr332988]]>
              </value>
            </param>
            <param index="1">
              <value>
                <![CDATA[anugAhA]]>
              </value>
            </param>
          </params>
          <reporter-output>
          </reporter-output>
        </test-method> <!-- loginDDT -->
        <test-method status="PASS" signature="loginDDT(java.lang.String, java.lang.String)[pri:0, instance:com.inetbanking.testCases.TC_LoginDDT_002@bbfa04]" name="loginDDT" duration-ms="21845" started-at="2021-06-09T05:09:09Z" data-provider="LoginData" finished-at="2021-06-09T05:09:31Z">
          <params>
            <param index="0">
              <value>
                <![CDATA[mngr332988]]>
              </value>
            </param>
            <param index="1">
              <value>
                <![CDATA[anugAhA]]>
              </value>
            </param>
          </params>
          <reporter-output>
          </reporter-output>
        </test-method> <!-- loginDDT -->
        <test-method status="PASS" signature="loginDDT(java.lang.String, java.lang.String)[pri:0, instance:com.inetbanking.testCases.TC_LoginDDT_002@bbfa04]" name="loginDDT" duration-ms="20108" started-at="2021-06-09T05:09:31Z" data-provider="LoginData" finished-at="2021-06-09T05:09:51Z">
          <params>
            <param index="0">
              <value>
                <![CDATA[mngr332988]]>
              </value>
            </param>
            <param index="1">
              <value>
                <![CDATA[anugAhA]]>
              </value>
            </param>
          </params>
          <reporter-output>
          </reporter-output>
        </test-method> <!-- loginDDT -->
        <test-method status="PASS" signature="loginDDT(java.lang.String, java.lang.String)[pri:0, instance:com.inetbanking.testCases.TC_LoginDDT_002@bbfa04]" name="loginDDT" duration-ms="26394" started-at="2021-06-09T05:09:51Z" data-provider="LoginData" finished-at="2021-06-09T05:10:18Z">
          <params>
            <param index="0">
              <value>
                <![CDATA[mngr332988]]>
              </value>
            </param>
            <param index="1">
              <value>
                <![CDATA[anugAhA]]>
              </value>
            </param>
          </params>
          <reporter-output>
          </reporter-output>
        </test-method> <!-- loginDDT -->
        <test-method status="FAIL" signature="loginDDT(java.lang.String, java.lang.String)[pri:0, instance:com.inetbanking.testCases.TC_LoginDDT_002@bbfa04]" name="loginDDT" duration-ms="9405" started-at="2021-06-09T05:10:18Z" data-provider="LoginData" finished-at="2021-06-09T05:10:27Z">
          <params>
            <param index="0">
              <value>
                <![CDATA[mngr327166]]>
              </value>
            </param>
            <param index="1">
              <value>
                <![CDATA[EtYhEhy]]>
              </value>
            </param>
          </params>
          <exception class="java.lang.AssertionError">
            <message>
              <![CDATA[expected [true] but found [false]]]>
            </message>
            <full-stacktrace>
              <![CDATA[java.lang.AssertionError: expected [true] but found [false]
at org.testng.Assert.fail(Assert.java:96)
at org.testng.Assert.failNotEquals(Assert.java:776)
at org.testng.Assert.assertTrue(Assert.java:44)
at org.testng.Assert.assertTrue(Assert.java:54)
at com.inetbanking.testCases.TC_LoginDDT_002.loginDDT(TC_LoginDDT_002.java:32)
at sun.reflect.NativeMethodAccessorImpl.invoke0(Native Method)
at sun.reflect.NativeMethodAccessorImpl.invoke(NativeMethodAccessorImpl.java:62)
at sun.reflect.DelegatingMethodAccessorImpl.invoke(DelegatingMethodAccessorImpl.java:43)
at java.lang.reflect.Method.invoke(Method.java:498)
at org.testng.internal.MethodInvocationHelper.invokeMethod(MethodInvocationHelper.java:124)
at org.testng.internal.Invoker.invokeMethod(Invoker.java:583)
at org.testng.internal.Invoker.invokeTestMethod(Invoker.java:719)
at org.testng.internal.Invoker.invokeTestMethods(Invoker.java:989)
at org.testng.internal.TestMethodWorker.invokeTestMethods(TestMethodWorker.java:125)
at org.testng.internal.TestMethodWorker.run(TestMethodWorker.java:109)
at org.testng.TestRunner.privateRun(TestRunner.java:648)
at org.testng.TestRunner.run(TestRunner.java:505)
at org.testng.SuiteRunner.runTest(SuiteRunner.java:455)
at org.testng.SuiteRunner.runSequentially(SuiteRunner.java:450)
at org.testng.SuiteRunner.privateRun(SuiteRunner.java:415)
at org.testng.SuiteRunner.run(SuiteRunner.java:364)
at org.testng.SuiteRunnerWorker.runSuite(SuiteRunnerWorker.java:52)
at org.testng.SuiteRunnerWorker.run(SuiteRunnerWorker.java:84)
at org.testng.TestNG.runSuitesSequentially(TestNG.java:1208)
at org.testng.TestNG.runSuitesLocally(TestNG.java:1137)
at org.testng.TestNG.runSuites(TestNG.java:1049)
at org.testng.TestNG.run(TestNG.java:1017)
at org.testng.remote.AbstractRemoteTestNG.run(AbstractRemoteTestNG.java:114)
at org.testng.remote.RemoteTestNG.initAndRun(RemoteTestNG.java:251)
at org.testng.remote.RemoteTestNG.main(RemoteTestNG.java:77)
]]>
            </full-stacktrace>
          </exception> <!-- java.lang.AssertionError -->
          <reporter-output>
          </reporter-output>
        </test-method> <!-- loginDDT -->
        <test-method status="PASS" signature="tearDown()[pri:0, instance:com.inetbanking.testCases.TC_LoginDDT_002@bbfa04]" name="tearDown" is-config="true" duration-ms="1250" started-at="2021-06-09T05:10:27Z" finished-at="2021-06-09T05:10:28Z">
          <reporter-output>
          </reporter-output>
        </test-method> <!-- tearDown -->
      </class> <!-- com.inetbanking.testCases.TC_LoginDDT_002 -->
      <class name="com.inetbanking.testCases.TC_LoginTest_001">
        <test-method status="PASS" signature="setup(java.lang.String)[pri:0, instance:com.inetbanking.testCases.TC_LoginTest_001@19963d8]" name="setup" is-config="true" duration-ms="12284" started-at="2021-06-09T05:08:14Z" finished-at="2021-06-09T05:08:26Z">
          <params>
            <param index="0">
              <value>
                <![CDATA[edge]]>
              </value>
            </param>
          </params>
          <reporter-output>
          </reporter-output>
        </test-method> <!-- setup -->
        <test-method status="PASS" signature="loginTest()[pri:0, instance:com.inetbanking.testCases.TC_LoginTest_001@19963d8]" name="loginTest" duration-ms="2794" started-at="2021-06-09T05:08:26Z" finished-at="2021-06-09T05:08:29Z">
          <reporter-output>
          </reporter-output>
        </test-method> <!-- loginTest -->
        <test-method status="PASS" signature="tearDown()[pri:0, instance:com.inetbanking.testCases.TC_LoginTest_001@19963d8]" name="tearDown" is-config="true" duration-ms="1320" started-at="2021-06-09T05:08:29Z" finished-at="2021-06-09T05:08:30Z">
          <reporter-output>
          </reporter-output>
        </test-method> <!-- tearDown -->
      </class> <!-- com.inetbanking.testCases.TC_LoginTest_001 -->
    </test> <!-- BankingApplication -->
  </suite> <!-- InetBanking -->
</testng-results>
